<?xml version="1.0" encoding="UTF-8"?>
<!-- Generated by org.testng.reporters.JUnitReportReporter -->
<testsuite hostname="DESKTOP-0QRM3M5" failures="0" tests="4" name="apiTestRunner.TestAPI" time="6.366" errors="0" timestamp="2022-03-01T20:44:23 ICT" skipped="0">
  <testcase classname="apiTestRunner.TestAPI" name="basicSearch" time="4.394"/>
  <system-out/>
  <testcase classname="apiTestRunner.TestAPI" name="searchWithSetPageResult" time="0.754"/>
  <system-out/>
  <testcase classname="apiTestRunner.TestAPI" name="searchWithPriceFilter" time="0.540"/>
  <system-out/>
  <testcase classname="apiTestRunner.TestAPI" name="searchAndSortResults" time="0.678"/>
  <system-out/>
</testsuite> <!-- apiTestRunner.TestAPI -->
