<?xml version="1.0" encoding="UTF-8"?>
<!-- Generated by org.testng.reporters.JUnitReportReporter -->
<testsuite hostname="DESKTOP-0QRM3M5" failures="0" tests="2" name="apiTest.createMockUpAPI" time="6.214" errors="0" timestamp="2022-02-19T23:27:21 ICT" skipped="0">
  <testcase classname="apiTest.createMockUpAPI" name="createAPI" time="5.719"/>
  <system-out/>
  <testcase classname="apiTest.createMockUpAPI" name="testNewAPI" time="0.495"/>
  <system-out/>
</testsuite> <!-- apiTest.createMockUpAPI -->
